<?xml version="1.0" encoding="UTF-8"?>
<coverage generated="1620408788507" clover="3.2.0">
  <project timestamp="1620408788507" name="All files">
    <metrics statements="6" coveredstatements="6" conditionals="0" coveredconditionals="0" methods="2" coveredmethods="2" elements="8" coveredelements="8" complexity="0" loc="6" ncloc="6" packages="1" files="1" classes="1"/>
    <file name="index.vue" path="/Users/joe/work/shoppehub/sadmin/packages/atable/src/index.vue">
      <metrics statements="6" coveredstatements="6" conditionals="0" coveredconditionals="0" methods="2" coveredmethods="2"/>
      <line num="8" count="1" type="stmt"/>
      <line num="10" count="1" type="stmt"/>
      <line num="13" count="1" type="stmt"/>
      <line num="14" count="1" type="stmt"/>
      <line num="15" count="2" type="stmt"/>
      <line num="18" count="1" type="stmt"/>
    </file>
  </project>
</coverage>
